Using pre-set license
Built from '2021.1/staging' branch; Version is '2021.1.7f1 (d91830b65d9b) revision 14227504'; Using compiler version '192528614'; Build Type 'Release'
OS: 'Windows 10 Home; OS build 22000.493; Version 2009; 64bit' Language: 'en' Physical Memory: 16087 MB
BatchMode: 1, IsHumanControllingUs: 0, StartBugReporterOnCrash: 0, Is64bit: 1, IsPro: 0

 COMMAND LINE ARGUMENTS:
C:\Program Files\Unity 2021.1.7f1\Editor\Unity.exe
-adb2
-batchMode
-noUpm
-name
AssetImportWorker0
-projectPath
C:/Users/matt2/Documents/GitHub/platformer/Platformer
-logFile
Logs/AssetImportWorker0.log
-srvPort
63225
Successfully changed project path to: C:/Users/matt2/Documents/GitHub/platformer/Platformer
C:/Users/matt2/Documents/GitHub/platformer/Platformer
Using Asset Import Pipeline V2.
Refreshing native plugins compatible for Editor in 55.94 ms, found 2 plugins.
Preloading 0 native plugins for Editor in 0.00 ms.
Initialize engine version: 2021.1.7f1 (d91830b65d9b)
[Subsystems] Discovering subsystems at path C:/Program Files/Unity 2021.1.7f1/Editor/Data/Resources/UnitySubsystems
[Subsystems] Discovering subsystems at path C:/Users/matt2/Documents/GitHub/platformer/Platformer/Assets
GfxDevice: creating device client; threaded=0; jobified=0
Direct3D:
    Version:  Direct3D 11.0 [level 11.1]
    Renderer: NVIDIA GeForce GTX 1650 Ti with Max-Q Design (ID=0x1f95)
    Vendor:   NVIDIA
    VRAM:     3962 MB
    Driver:   30.0.14.7247
Initialize mono
Mono path[0] = 'C:/Program Files/Unity 2021.1.7f1/Editor/Data/Managed'
Mono path[1] = 'C:/Program Files/Unity 2021.1.7f1/Editor/Data/MonoBleedingEdge/lib/mono/unityjit'
Mono config path = 'C:/Program Files/Unity 2021.1.7f1/Editor/Data/MonoBleedingEdge/etc'
Using monoOptions --debugger-agent=transport=dt_socket,embedding=1,server=y,suspend=n,address=127.0.0.1:56128
Begin MonoManager ReloadAssembly
Registering precompiled unity dll's ...
Register platform support module: C:/Program Files/Unity 2021.1.7f1/Editor/Data/PlaybackEngines/WindowsStandaloneSupport/UnityEditor.WindowsStandalone.Extensions.dll
Registered in 0.001120 seconds.
Native extension for WindowsStandalone target not found
Refreshing native plugins compatible for Editor in 51.87 ms, found 2 plugins.
Preloading 0 native plugins for Editor in 0.00 ms.
Mono: successfully reloaded assembly
- Completed reload, in  0.927 seconds
Platform modules already initialized, skipping
Registering precompiled user dll's ...
Registered in 0.003945 seconds.
Begin MonoManager ReloadAssembly
Native extension for WindowsStandalone target not found
Refreshing native plugins compatible for Editor in 0.65 ms, found 2 plugins.
Preloading 0 native plugins for Editor in 0.00 ms.
Mono: successfully reloaded assembly
- Completed reload, in  1.067 seconds
Platform modules already initialized, skipping
========================================================================
Worker process is ready to serve import requests
Launched and connected shader compiler UnityShaderCompiler.exe after 0.03 seconds
Refreshing native plugins compatible for Editor in 0.65 ms, found 2 plugins.
Preloading 0 native plugins for Editor in 0.00 ms.
Unloading 2425 Unused Serialized files (Serialized files now loaded: 0)
System memory in use before: 110.6 MB.
System memory in use after: 110.5 MB.

Unloading 60 unused Assets to reduce memory usage. Loaded Objects now: 2850.
Total: 4.957400 ms (FindLiveObjects: 0.180100 ms CreateObjectMapping: 0.111100 ms MarkObjects: 4.486000 ms  DeleteObjects: 0.179500 ms)

========================================================================
Received Import Request.
  path: Assets
  artifactKey: Guid(00000000000000001000000000000000) Importer(815301076,1909f56bfc062723c751e8b465ee728b)
Start importing Assets using Guid(00000000000000001000000000000000) Importer(815301076,1909f56bfc062723c751e8b465ee728b)  -> (artifact id: '42d402b061de3733987d63b9cc3b64de') in 0.008782 seconds 
========================================================================
Received Import Request.
  Time since last request: 4.853345 seconds.
  path: Assets/Sound effects
  artifactKey: Guid(ce505b495ae2b0e488110621dc87cc70) Importer(815301076,1909f56bfc062723c751e8b465ee728b)
Start importing Assets/Sound effects using Guid(ce505b495ae2b0e488110621dc87cc70) Importer(815301076,1909f56bfc062723c751e8b465ee728b)  -> (artifact id: '834012c9fd34ebc889dafad27f35c0d8') in 0.008606 seconds 
========================================================================
Received Import Request.
  Time since last request: 96.657347 seconds.
  path: Assets/Sound effects/zapsplat_science_fiction_laser_hit_thud_zap_delay_001_65399.mp3
  artifactKey: Guid(c061adceff4dccb47b616106969a7503) Importer(815301076,1909f56bfc062723c751e8b465ee728b)
Start importing Assets/Sound effects/zapsplat_science_fiction_laser_hit_thud_zap_delay_001_65399.mp3 using Guid(c061adceff4dccb47b616106969a7503) Importer(815301076,1909f56bfc062723c751e8b465ee728b)  -> (artifact id: 'ab07f892da34341985544c85ad0b77fc') in 0.072104 seconds 
========================================================================
Received Prepare
Registering precompiled user dll's ...
Registered in 0.003866 seconds.
Begin MonoManager ReloadAssembly
Native extension for WindowsStandalone target not found
Refreshing native plugins compatible for Editor in 0.68 ms, found 2 plugins.
Preloading 0 native plugins for Editor in 0.00 ms.
Mono: successfully reloaded assembly
- Completed reload, in  1.105 seconds
Platform modules already initialized, skipping
Refreshing native plugins compatible for Editor in 0.70 ms, found 2 plugins.
Preloading 0 native plugins for Editor in 0.00 ms.
Unloading 2366 Unused Serialized files (Serialized files now loaded: 0)
System memory in use before: 108.8 MB.
System memory in use after: 108.8 MB.

Unloading 51 unused Assets to reduce memory usage. Loaded Objects now: 2862.
Total: 5.509800 ms (FindLiveObjects: 0.206400 ms CreateObjectMapping: 0.122600 ms MarkObjects: 5.002100 ms  DeleteObjects: 0.177700 ms)

========================================================================
Received Prepare
Registering precompiled user dll's ...
Registered in 0.004585 seconds.
Begin MonoManager ReloadAssembly
Native extension for WindowsStandalone target not found
Refreshing native plugins compatible for Editor in 0.66 ms, found 2 plugins.
Preloading 0 native plugins for Editor in 0.00 ms.
Mono: successfully reloaded assembly
- Completed reload, in  1.001 seconds
Platform modules already initialized, skipping
Refreshing native plugins compatible for Editor in 0.71 ms, found 2 plugins.
Preloading 0 native plugins for Editor in 0.00 ms.
Unloading 2366 Unused Serialized files (Serialized files now loaded: 0)
System memory in use before: 108.9 MB.
System memory in use after: 108.8 MB.

Unloading 51 unused Assets to reduce memory usage. Loaded Objects now: 2865.
Total: 5.860200 ms (FindLiveObjects: 0.187000 ms CreateObjectMapping: 0.113000 ms MarkObjects: 5.303800 ms  DeleteObjects: 0.255400 ms)

========================================================================
Received Import Request.
  Time since last request: 770.864595 seconds.
  path: Assets/Sound effects/kedr_sfx_ui_computer_complex_lowend_11.mp3
  artifactKey: Guid(a7056994ebddecd4883f1c396c7f42ea) Importer(815301076,1909f56bfc062723c751e8b465ee728b)
Start importing Assets/Sound effects/kedr_sfx_ui_computer_complex_lowend_11.mp3 using Guid(a7056994ebddecd4883f1c396c7f42ea) Importer(815301076,1909f56bfc062723c751e8b465ee728b)  -> (artifact id: 'bffd0af5592e736c579aabfe6177e72a') in 0.046998 seconds 
========================================================================
Received Prepare
Registering precompiled user dll's ...
Registered in 0.005768 seconds.
Begin MonoManager ReloadAssembly
Native extension for WindowsStandalone target not found
Refreshing native plugins compatible for Editor in 0.76 ms, found 2 plugins.
Preloading 0 native plugins for Editor in 0.00 ms.
Mono: successfully reloaded assembly
- Completed reload, in  1.072 seconds
Platform modules already initialized, skipping
Refreshing native plugins compatible for Editor in 0.76 ms, found 2 plugins.
Preloading 0 native plugins for Editor in 0.00 ms.
Unloading 2366 Unused Serialized files (Serialized files now loaded: 0)
System memory in use before: 108.9 MB.
System memory in use after: 108.9 MB.

Unloading 51 unused Assets to reduce memory usage. Loaded Objects now: 2869.
Total: 5.766400 ms (FindLiveObjects: 0.199500 ms CreateObjectMapping: 0.127100 ms MarkObjects: 5.190300 ms  DeleteObjects: 0.248200 ms)

========================================================================
Received Prepare
Registering precompiled user dll's ...
Registered in 0.004024 seconds.
Begin MonoManager ReloadAssembly
Native extension for WindowsStandalone target not found
Refreshing native plugins compatible for Editor in 0.93 ms, found 2 plugins.
Preloading 0 native plugins for Editor in 0.00 ms.
Mono: successfully reloaded assembly
- Completed reload, in  1.004 seconds
Platform modules already initialized, skipping
Refreshing native plugins compatible for Editor in 0.69 ms, found 2 plugins.
Preloading 0 native plugins for Editor in 0.00 ms.
Unloading 2366 Unused Serialized files (Serialized files now loaded: 0)
System memory in use before: 109.0 MB.
System memory in use after: 108.9 MB.

Unloading 51 unused Assets to reduce memory usage. Loaded Objects now: 2872.
Total: 6.524500 ms (FindLiveObjects: 0.181500 ms CreateObjectMapping: 0.107300 ms MarkObjects: 6.061100 ms  DeleteObjects: 0.173700 ms)

========================================================================
Received Prepare
Registering precompiled user dll's ...
Registered in 0.004491 seconds.
Begin MonoManager ReloadAssembly
Native extension for WindowsStandalone target not found
Refreshing native plugins compatible for Editor in 0.69 ms, found 2 plugins.
Preloading 0 native plugins for Editor in 0.00 ms.
Mono: successfully reloaded assembly
- Completed reload, in  1.069 seconds
Platform modules already initialized, skipping
Refreshing native plugins compatible for Editor in 0.69 ms, found 2 plugins.
Preloading 0 native plugins for Editor in 0.00 ms.
Unloading 2366 Unused Serialized files (Serialized files now loaded: 0)
System memory in use before: 108.8 MB.
System memory in use after: 108.8 MB.

Unloading 51 unused Assets to reduce memory usage. Loaded Objects now: 2875.
Total: 5.123300 ms (FindLiveObjects: 0.180200 ms CreateObjectMapping: 0.113300 ms MarkObjects: 4.663000 ms  DeleteObjects: 0.166000 ms)

========================================================================
Received Import Request.
  Time since last request: 429.244887 seconds.
  path: Assets/Prefabs/Wormhole bullet blue.prefab
  artifactKey: Guid(c8fba4e31d2d93e48b57639f72c7fa48) Importer(815301076,1909f56bfc062723c751e8b465ee728b)
Start importing Assets/Prefabs/Wormhole bullet blue.prefab using Guid(c8fba4e31d2d93e48b57639f72c7fa48) Importer(815301076,1909f56bfc062723c751e8b465ee728b)  -> (artifact id: '0309a39576bc95087657127939d7d764') in 0.058428 seconds 
========================================================================
Received Import Request.
  Time since last request: 0.000176 seconds.
  path: Assets/Prefabs/Wormhole bullet defult.prefab
  artifactKey: Guid(702a5e10b4f2c9a42a51e66506df906e) Importer(815301076,1909f56bfc062723c751e8b465ee728b)
Start importing Assets/Prefabs/Wormhole bullet defult.prefab using Guid(702a5e10b4f2c9a42a51e66506df906e) Importer(815301076,1909f56bfc062723c751e8b465ee728b)  -> (artifact id: '829295a7ae01728f418fc11c222abac4') in 0.015034 seconds 
========================================================================
Received Import Request.
  Time since last request: 0.000200 seconds.
  path: Assets/Prefabs/Wormhole bullet orange.prefab
  artifactKey: Guid(8c53217e938491846a92882ef7c5ae5d) Importer(815301076,1909f56bfc062723c751e8b465ee728b)
Start importing Assets/Prefabs/Wormhole bullet orange.prefab using Guid(8c53217e938491846a92882ef7c5ae5d) Importer(815301076,1909f56bfc062723c751e8b465ee728b)  -> (artifact id: 'e95787d50163da4c65b5349c06b2e90c') in 0.034276 seconds 
========================================================================
Received Import Request.
  Time since last request: 2.904796 seconds.
  path: Assets/Prefabs/Portal_bullet_sound_object.prefab
  artifactKey: Guid(42c78e7f524462b4fa3100d3ea43460e) Importer(815301076,1909f56bfc062723c751e8b465ee728b)
Start importing Assets/Prefabs/Portal_bullet_sound_object.prefab using Guid(42c78e7f524462b4fa3100d3ea43460e) Importer(815301076,1909f56bfc062723c751e8b465ee728b)  -> (artifact id: '4d548328d695245f8288c7e544dd4e94') in 0.009805 seconds 
========================================================================
Received Import Request.
  Time since last request: 16.773814 seconds.
  path: Assets/Prefabs/Wormhole bullet blue.prefab
  artifactKey: Guid(c8fba4e31d2d93e48b57639f72c7fa48) Importer(815301076,1909f56bfc062723c751e8b465ee728b)
Start importing Assets/Prefabs/Wormhole bullet blue.prefab using Guid(c8fba4e31d2d93e48b57639f72c7fa48) Importer(815301076,1909f56bfc062723c751e8b465ee728b)  -> (artifact id: 'f3de5eb505e40285d0e4b97c050a7521') in 0.016077 seconds 
========================================================================
Received Prepare
Registering precompiled user dll's ...
Registered in 0.004098 seconds.
Begin MonoManager ReloadAssembly
Native extension for WindowsStandalone target not found
Refreshing native plugins compatible for Editor in 0.73 ms, found 2 plugins.
Preloading 0 native plugins for Editor in 0.00 ms.
Mono: successfully reloaded assembly
- Completed reload, in  1.008 seconds
Platform modules already initialized, skipping
Refreshing native plugins compatible for Editor in 0.70 ms, found 2 plugins.
Preloading 0 native plugins for Editor in 0.00 ms.
Unloading 2366 Unused Serialized files (Serialized files now loaded: 0)
System memory in use before: 109.0 MB.
System memory in use after: 109.0 MB.

Unloading 51 unused Assets to reduce memory usage. Loaded Objects now: 2880.
Total: 5.166400 ms (FindLiveObjects: 0.181800 ms CreateObjectMapping: 0.105500 ms MarkObjects: 4.709800 ms  DeleteObjects: 0.168600 ms)

========================================================================
Received Import Request.
  Time since last request: 44.652005 seconds.
  path: Assets/Prefabs/Wormhole bullet blue.prefab
  artifactKey: Guid(c8fba4e31d2d93e48b57639f72c7fa48) Importer(815301076,1909f56bfc062723c751e8b465ee728b)
Start importing Assets/Prefabs/Wormhole bullet blue.prefab using Guid(c8fba4e31d2d93e48b57639f72c7fa48) Importer(815301076,1909f56bfc062723c751e8b465ee728b)  -> (artifact id: '51bebab8882c7a70bf0eb9907f1ee34b') in 0.044013 seconds 
========================================================================
Received Import Request.
  Time since last request: 5.628884 seconds.
  path: Assets/Prefabs/Portal_bullet_sound_object.prefab
  artifactKey: Guid(42c78e7f524462b4fa3100d3ea43460e) Importer(815301076,1909f56bfc062723c751e8b465ee728b)
Start importing Assets/Prefabs/Portal_bullet_sound_object.prefab using Guid(42c78e7f524462b4fa3100d3ea43460e) Importer(815301076,1909f56bfc062723c751e8b465ee728b)  -> (artifact id: '57c5e0c7900aabcf0a47628c733d9548') in 0.004530 seconds 
========================================================================
Received Import Request.
  Time since last request: 13.087489 seconds.
  path: Assets/Prefabs/Portal_bullet_sound_object.prefab
  artifactKey: Guid(42c78e7f524462b4fa3100d3ea43460e) Importer(815301076,1909f56bfc062723c751e8b465ee728b)
Start importing Assets/Prefabs/Portal_bullet_sound_object.prefab using Guid(42c78e7f524462b4fa3100d3ea43460e) Importer(815301076,1909f56bfc062723c751e8b465ee728b)  -> (artifact id: 'fa9c52e42dc4c0788273589749d92a23') in 0.004055 seconds 
========================================================================
Received Prepare
Registering precompiled user dll's ...
Registered in 0.004431 seconds.
Begin MonoManager ReloadAssembly
Native extension for WindowsStandalone target not found
Refreshing native plugins compatible for Editor in 0.90 ms, found 2 plugins.
Preloading 0 native plugins for Editor in 0.00 ms.
Mono: successfully reloaded assembly
- Completed reload, in  1.069 seconds
Platform modules already initialized, skipping
Refreshing native plugins compatible for Editor in 0.68 ms, found 2 plugins.
Preloading 0 native plugins for Editor in 0.00 ms.
Unloading 2366 Unused Serialized files (Serialized files now loaded: 0)
System memory in use before: 109.0 MB.
System memory in use after: 109.0 MB.

Unloading 51 unused Assets to reduce memory usage. Loaded Objects now: 2884.
Total: 6.385700 ms (FindLiveObjects: 0.178600 ms CreateObjectMapping: 0.163000 ms MarkObjects: 5.873000 ms  DeleteObjects: 0.170300 ms)

========================================================================
Received Import Request.
  Time since last request: 98.119187 seconds.
  path: Assets/Prefabs/Portal_bullet_sound_object.prefab
  artifactKey: Guid(42c78e7f524462b4fa3100d3ea43460e) Importer(815301076,1909f56bfc062723c751e8b465ee728b)
Start importing Assets/Prefabs/Portal_bullet_sound_object.prefab using Guid(42c78e7f524462b4fa3100d3ea43460e) Importer(815301076,1909f56bfc062723c751e8b465ee728b)  -> (artifact id: 'd938eebd55e9396db9b290a9365672ff') in 0.023757 seconds 
========================================================================
Received Import Request.
  Time since last request: 5.206472 seconds.
  path: Assets/Prefabs/Portal_bullet_sound_object.prefab
  artifactKey: Guid(42c78e7f524462b4fa3100d3ea43460e) Importer(815301076,1909f56bfc062723c751e8b465ee728b)
Start importing Assets/Prefabs/Portal_bullet_sound_object.prefab using Guid(42c78e7f524462b4fa3100d3ea43460e) Importer(815301076,1909f56bfc062723c751e8b465ee728b)  -> (artifact id: '6bc2c22e46ecfa568022f6b5d902dd4e') in 0.003934 seconds 
========================================================================
Received Import Request.
  Time since last request: 3.733031 seconds.
  path: Assets/Prefabs/Portal_bullet_sound_object.prefab
  artifactKey: Guid(42c78e7f524462b4fa3100d3ea43460e) Importer(815301076,1909f56bfc062723c751e8b465ee728b)
Start importing Assets/Prefabs/Portal_bullet_sound_object.prefab using Guid(42c78e7f524462b4fa3100d3ea43460e) Importer(815301076,1909f56bfc062723c751e8b465ee728b)  -> (artifact id: '333b2ed4f9258ab74e9689ff20606bf4') in 0.003550 seconds 
========================================================================
Received Import Request.
  Time since last request: 3.352745 seconds.
  path: Assets/Prefabs/Portal_bullet_sound_object.prefab
  artifactKey: Guid(42c78e7f524462b4fa3100d3ea43460e) Importer(815301076,1909f56bfc062723c751e8b465ee728b)
Start importing Assets/Prefabs/Portal_bullet_sound_object.prefab using Guid(42c78e7f524462b4fa3100d3ea43460e) Importer(815301076,1909f56bfc062723c751e8b465ee728b)  -> (artifact id: '657cc25b0a5554e95b4124f3490a41f6') in 0.003156 seconds 
========================================================================
Received Import Request.
  Time since last request: 4.584432 seconds.
  path: Assets/Prefabs/Portal_bullet_sound_object.prefab
  artifactKey: Guid(42c78e7f524462b4fa3100d3ea43460e) Importer(815301076,1909f56bfc062723c751e8b465ee728b)
Start importing Assets/Prefabs/Portal_bullet_sound_object.prefab using Guid(42c78e7f524462b4fa3100d3ea43460e) Importer(815301076,1909f56bfc062723c751e8b465ee728b)  -> (artifact id: '095ac611a6ede41ca79ac56ecdc704fc') in 0.003412 seconds 
========================================================================
Received Import Request.
  Time since last request: 29.530227 seconds.
  path: Assets/Prefabs/Wormhole bullet orange.prefab
  artifactKey: Guid(8c53217e938491846a92882ef7c5ae5d) Importer(815301076,1909f56bfc062723c751e8b465ee728b)
Start importing Assets/Prefabs/Wormhole bullet orange.prefab using Guid(8c53217e938491846a92882ef7c5ae5d) Importer(815301076,1909f56bfc062723c751e8b465ee728b)  -> (artifact id: '22c9abb7794fc7fd287f1c77c6e26073') in 0.027662 seconds 
========================================================================
Received Prepare
Registering precompiled user dll's ...
Registered in 0.003848 seconds.
Begin MonoManager ReloadAssembly
Native extension for WindowsStandalone target not found
Refreshing native plugins compatible for Editor in 0.73 ms, found 2 plugins.
Preloading 0 native plugins for Editor in 0.00 ms.
Mono: successfully reloaded assembly
- Completed reload, in  1.084 seconds
Platform modules already initialized, skipping
Refreshing native plugins compatible for Editor in 0.71 ms, found 2 plugins.
Preloading 0 native plugins for Editor in 0.00 ms.
Unloading 2366 Unused Serialized files (Serialized files now loaded: 0)
System memory in use before: 109.1 MB.
System memory in use after: 109.0 MB.

Unloading 51 unused Assets to reduce memory usage. Loaded Objects now: 2888.
Total: 5.573800 ms (FindLiveObjects: 0.184200 ms CreateObjectMapping: 0.116000 ms MarkObjects: 5.099700 ms  DeleteObjects: 0.173000 ms)

========================================================================
Received Prepare
Registering precompiled user dll's ...
Registered in 0.004722 seconds.
Begin MonoManager ReloadAssembly
Native extension for WindowsStandalone target not found
Refreshing native plugins compatible for Editor in 0.67 ms, found 2 plugins.
Preloading 0 native plugins for Editor in 0.00 ms.
Mono: successfully reloaded assembly
- Completed reload, in  0.979 seconds
Platform modules already initialized, skipping
Refreshing native plugins compatible for Editor in 0.69 ms, found 2 plugins.
Preloading 0 native plugins for Editor in 0.00 ms.
Unloading 2366 Unused Serialized files (Serialized files now loaded: 0)
System memory in use before: 109.1 MB.
System memory in use after: 109.0 MB.

Unloading 51 unused Assets to reduce memory usage. Loaded Objects now: 2891.
Total: 5.145500 ms (FindLiveObjects: 0.205300 ms CreateObjectMapping: 0.140000 ms MarkObjects: 4.631300 ms  DeleteObjects: 0.167900 ms)

========================================================================
Received Import Request.
  Time since last request: 430.279237 seconds.
  path: Assets/Sound effects/articulated_GHOSTS+Breath+PulsatingLR.mp3
  artifactKey: Guid(832ac19331b0e1a47bfaba627b32cab1) Importer(815301076,1909f56bfc062723c751e8b465ee728b)
Start importing Assets/Sound effects/articulated_GHOSTS+Breath+PulsatingLR.mp3 using Guid(832ac19331b0e1a47bfaba627b32cab1) Importer(815301076,1909f56bfc062723c751e8b465ee728b)  -> (artifact id: 'c1073062f14a30a39de44240ac3effab') in 0.044407 seconds 
========================================================================
Received Prepare
Registering precompiled user dll's ...
Registered in 0.004474 seconds.
Begin MonoManager ReloadAssembly
Native extension for WindowsStandalone target not found
Refreshing native plugins compatible for Editor in 0.66 ms, found 2 plugins.
Preloading 0 native plugins for Editor in 0.00 ms.
Mono: successfully reloaded assembly
- Completed reload, in  0.988 seconds
Platform modules already initialized, skipping
Refreshing native plugins compatible for Editor in 0.78 ms, found 2 plugins.
Preloading 0 native plugins for Editor in 0.00 ms.
Unloading 2366 Unused Serialized files (Serialized files now loaded: 0)
System memory in use before: 109.1 MB.
System memory in use after: 109.0 MB.

Unloading 51 unused Assets to reduce memory usage. Loaded Objects now: 2895.
Total: 5.483300 ms (FindLiveObjects: 0.185400 ms CreateObjectMapping: 0.105600 ms MarkObjects: 5.005600 ms  DeleteObjects: 0.185400 ms)

========================================================================
Received Prepare
Registering precompiled user dll's ...
Registered in 0.004590 seconds.
Begin MonoManager ReloadAssembly
Native extension for WindowsStandalone target not found
Refreshing native plugins compatible for Editor in 0.76 ms, found 2 plugins.
Preloading 0 native plugins for Editor in 0.00 ms.
Mono: successfully reloaded assembly
- Completed reload, in  0.990 seconds
Platform modules already initialized, skipping
Refreshing native plugins compatible for Editor in 0.69 ms, found 2 plugins.
Preloading 0 native plugins for Editor in 0.00 ms.
Unloading 2366 Unused Serialized files (Serialized files now loaded: 0)
System memory in use before: 109.1 MB.
System memory in use after: 109.0 MB.

Unloading 51 unused Assets to reduce memory usage. Loaded Objects now: 2898.
Total: 5.211800 ms (FindLiveObjects: 0.180700 ms CreateObjectMapping: 0.110200 ms MarkObjects: 4.739700 ms  DeleteObjects: 0.179900 ms)

========================================================================
Received Import Request.
  Time since last request: 407.744370 seconds.
  path: Assets/Sound effects/zapsplat_science_fiction_forcefield_droning_dark_subtle_80457.mp3
  artifactKey: Guid(d920641822b88d34b89f9304c1bee475) Importer(815301076,1909f56bfc062723c751e8b465ee728b)
Start importing Assets/Sound effects/zapsplat_science_fiction_forcefield_droning_dark_subtle_80457.mp3 using Guid(d920641822b88d34b89f9304c1bee475) Importer(815301076,1909f56bfc062723c751e8b465ee728b)  -> (artifact id: '95add0cfcc3e2a38c2fe68dd29800d7a') in 0.042846 seconds 
========================================================================
Received Prepare
Registering precompiled user dll's ...
Registered in 0.004347 seconds.
Begin MonoManager ReloadAssembly
Native extension for WindowsStandalone target not found
Refreshing native plugins compatible for Editor in 0.70 ms, found 2 plugins.
Preloading 0 native plugins for Editor in 0.00 ms.
Mono: successfully reloaded assembly
- Completed reload, in  1.166 seconds
Platform modules already initialized, skipping
Refreshing native plugins compatible for Editor in 0.91 ms, found 2 plugins.
Preloading 0 native plugins for Editor in 0.00 ms.
Unloading 2366 Unused Serialized files (Serialized files now loaded: 0)
System memory in use before: 109.1 MB.
System memory in use after: 109.0 MB.

Unloading 51 unused Assets to reduce memory usage. Loaded Objects now: 2902.
Total: 6.423300 ms (FindLiveObjects: 0.238400 ms CreateObjectMapping: 0.270800 ms MarkObjects: 5.709700 ms  DeleteObjects: 0.203200 ms)

========================================================================
Received Prepare
Registering precompiled user dll's ...
Registered in 0.602994 seconds.
Begin MonoManager ReloadAssembly
Native extension for WindowsStandalone target not found
Refreshing native plugins compatible for Editor in 0.99 ms, found 2 plugins.
Preloading 0 native plugins for Editor in 0.00 ms.
Mono: successfully reloaded assembly
- Completed reload, in  5.827 seconds
Platform modules already initialized, skipping
Refreshing native plugins compatible for Editor in 1.16 ms, found 2 plugins.
Preloading 0 native plugins for Editor in 0.00 ms.
Unloading 2366 Unused Serialized files (Serialized files now loaded: 0)
System memory in use before: 109.0 MB.
System memory in use after: 109.0 MB.

Unloading 51 unused Assets to reduce memory usage. Loaded Objects now: 2905.
Total: 5.306500 ms (FindLiveObjects: 0.200000 ms CreateObjectMapping: 0.117700 ms MarkObjects: 4.778000 ms  DeleteObjects: 0.209400 ms)

========================================================================
Received Prepare
Registering precompiled user dll's ...
Registered in 0.007507 seconds.
Begin MonoManager ReloadAssembly
Native extension for WindowsStandalone target not found
Refreshing native plugins compatible for Editor in 1.01 ms, found 2 plugins.
Preloading 0 native plugins for Editor in 0.00 ms.
Mono: successfully reloaded assembly
- Completed reload, in  1.456 seconds
Platform modules already initialized, skipping
Refreshing native plugins compatible for Editor in 0.87 ms, found 2 plugins.
Preloading 0 native plugins for Editor in 0.00 ms.
Unloading 2366 Unused Serialized files (Serialized files now loaded: 0)
System memory in use before: 109.1 MB.
System memory in use after: 109.1 MB.

Unloading 51 unused Assets to reduce memory usage. Loaded Objects now: 2908.
Total: 7.304700 ms (FindLiveObjects: 0.247900 ms CreateObjectMapping: 0.135200 ms MarkObjects: 6.701100 ms  DeleteObjects: 0.219100 ms)

========================================================================
Received Prepare
Registering precompiled user dll's ...
Registered in 0.006659 seconds.
Begin MonoManager ReloadAssembly
Native extension for WindowsStandalone target not found
Refreshing native plugins compatible for Editor in 0.90 ms, found 2 plugins.
Preloading 0 native plugins for Editor in 0.00 ms.
Mono: successfully reloaded assembly
- Completed reload, in  1.467 seconds
Platform modules already initialized, skipping
Refreshing native plugins compatible for Editor in 0.85 ms, found 2 plugins.
Preloading 0 native plugins for Editor in 0.00 ms.
Unloading 2366 Unused Serialized files (Serialized files now loaded: 0)
System memory in use before: 109.1 MB.
System memory in use after: 109.1 MB.

Unloading 51 unused Assets to reduce memory usage. Loaded Objects now: 2911.
Total: 7.021500 ms (FindLiveObjects: 0.213900 ms CreateObjectMapping: 0.140400 ms MarkObjects: 6.458300 ms  DeleteObjects: 0.207600 ms)

AssetImportWorkerClient::OnTransportError - code=2 error=End of file
