Using pre-set license
Built from '2021.1/staging' branch; Version is '2021.1.7f1 (d91830b65d9b) revision 14227504'; Using compiler version '192528614'; Build Type 'Release'
OS: 'Windows 10 Home; OS build 22000.556; Version 2009; 64bit' Language: 'en' Physical Memory: 16087 MB
BatchMode: 1, IsHumanControllingUs: 0, StartBugReporterOnCrash: 0, Is64bit: 1, IsPro: 0

 COMMAND LINE ARGUMENTS:
C:\Program Files\Unity 2021.1.7f1\Editor\Unity.exe
-adb2
-batchMode
-noUpm
-name
AssetImportWorker0
-projectPath
C:/Users/matt2/Documents/GitHub/platformer/Platformer
-logFile
Logs/AssetImportWorker0.log
-srvPort
61745
Successfully changed project path to: C:/Users/matt2/Documents/GitHub/platformer/Platformer
C:/Users/matt2/Documents/GitHub/platformer/Platformer
Using Asset Import Pipeline V2.
Refreshing native plugins compatible for Editor in 54.94 ms, found 2 plugins.
Preloading 0 native plugins for Editor in 0.00 ms.
Initialize engine version: 2021.1.7f1 (d91830b65d9b)
[Subsystems] Discovering subsystems at path C:/Program Files/Unity 2021.1.7f1/Editor/Data/Resources/UnitySubsystems
[Subsystems] Discovering subsystems at path C:/Users/matt2/Documents/GitHub/platformer/Platformer/Assets
GfxDevice: creating device client; threaded=0; jobified=0
Direct3D:
    Version:  Direct3D 11.0 [level 11.1]
    Renderer: NVIDIA GeForce GTX 1650 Ti with Max-Q Design (ID=0x1f95)
    Vendor:   NVIDIA
    VRAM:     3962 MB
    Driver:   30.0.15.1215
Initialize mono
Mono path[0] = 'C:/Program Files/Unity 2021.1.7f1/Editor/Data/Managed'
Mono path[1] = 'C:/Program Files/Unity 2021.1.7f1/Editor/Data/MonoBleedingEdge/lib/mono/unityjit'
Mono config path = 'C:/Program Files/Unity 2021.1.7f1/Editor/Data/MonoBleedingEdge/etc'
Using monoOptions --debugger-agent=transport=dt_socket,embedding=1,server=y,suspend=n,address=127.0.0.1:56548
Begin MonoManager ReloadAssembly
Registering precompiled unity dll's ...
Register platform support module: C:/Program Files/Unity 2021.1.7f1/Editor/Data/PlaybackEngines/WindowsStandaloneSupport/UnityEditor.WindowsStandalone.Extensions.dll
Registered in 0.001036 seconds.
Native extension for WindowsStandalone target not found
Refreshing native plugins compatible for Editor in 48.67 ms, found 2 plugins.
Preloading 0 native plugins for Editor in 0.00 ms.
Mono: successfully reloaded assembly
- Completed reload, in  0.901 seconds
Platform modules already initialized, skipping
Registering precompiled user dll's ...
Registered in 0.003921 seconds.
Begin MonoManager ReloadAssembly
Native extension for WindowsStandalone target not found
Refreshing native plugins compatible for Editor in 0.66 ms, found 2 plugins.
Preloading 0 native plugins for Editor in 0.00 ms.
Mono: successfully reloaded assembly
- Completed reload, in  1.052 seconds
Platform modules already initialized, skipping
========================================================================
Worker process is ready to serve import requests
Launched and connected shader compiler UnityShaderCompiler.exe after 0.03 seconds
Refreshing native plugins compatible for Editor in 0.80 ms, found 2 plugins.
Preloading 0 native plugins for Editor in 0.00 ms.
Unloading 2449 Unused Serialized files (Serialized files now loaded: 0)
System memory in use before: 118.9 MB.
System memory in use after: 118.8 MB.

Unloading 60 unused Assets to reduce memory usage. Loaded Objects now: 2878.
Total: 6.260500 ms (FindLiveObjects: 0.226900 ms CreateObjectMapping: 0.145700 ms MarkObjects: 5.675000 ms  DeleteObjects: 0.211500 ms)

========================================================================
Received Import Request.
  path: Assets/Scripts/MirrorObjectDcript.cs
  artifactKey: Guid(6b56712613aeed644a66f601bf580349) Importer(815301076,1909f56bfc062723c751e8b465ee728b)
Start importing Assets/Scripts/MirrorObjectDcript.cs using Guid(6b56712613aeed644a66f601bf580349) Importer(815301076,1909f56bfc062723c751e8b465ee728b)  -> (artifact id: '6d982dea88d3feab0a8657e78d1769f7') in 0.056119 seconds 
========================================================================
Received Prepare
Refreshing native plugins compatible for Editor in 10.18 ms, found 2 plugins.
Preloading 0 native plugins for Editor in 0.00 ms.
Unloading 49 Unused Serialized files (Serialized files now loaded: 0)
System memory in use before: 65.7 MB.
System memory in use after: 65.6 MB.

Unloading 49 unused Assets to reduce memory usage. Loaded Objects now: 2878.
Total: 4.814600 ms (FindLiveObjects: 0.188100 ms CreateObjectMapping: 0.107700 ms MarkObjects: 4.353000 ms  DeleteObjects: 0.165000 ms)

========================================================================
Received Prepare
Registering precompiled user dll's ...
Registered in 0.003592 seconds.
Begin MonoManager ReloadAssembly
Native extension for WindowsStandalone target not found
Refreshing native plugins compatible for Editor in 0.68 ms, found 2 plugins.
Preloading 0 native plugins for Editor in 0.00 ms.
Mono: successfully reloaded assembly
- Completed reload, in  1.380 seconds
Platform modules already initialized, skipping
Refreshing native plugins compatible for Editor in 0.86 ms, found 2 plugins.
Preloading 0 native plugins for Editor in 0.00 ms.
Unloading 2377 Unused Serialized files (Serialized files now loaded: 0)
System memory in use before: 112.1 MB.
System memory in use after: 112.1 MB.

Unloading 51 unused Assets to reduce memory usage. Loaded Objects now: 2881.
Total: 4.964400 ms (FindLiveObjects: 0.173400 ms CreateObjectMapping: 0.096600 ms MarkObjects: 4.487700 ms  DeleteObjects: 0.206100 ms)

========================================================================
Received Prepare
Registering precompiled user dll's ...
Registered in 0.004131 seconds.
Begin MonoManager ReloadAssembly
Native extension for WindowsStandalone target not found
Refreshing native plugins compatible for Editor in 0.70 ms, found 2 plugins.
Preloading 0 native plugins for Editor in 0.00 ms.
Mono: successfully reloaded assembly
- Completed reload, in  1.046 seconds
Platform modules already initialized, skipping
Refreshing native plugins compatible for Editor in 0.72 ms, found 2 plugins.
Preloading 0 native plugins for Editor in 0.00 ms.
Unloading 2377 Unused Serialized files (Serialized files now loaded: 0)
System memory in use before: 112.2 MB.
System memory in use after: 112.1 MB.

Unloading 51 unused Assets to reduce memory usage. Loaded Objects now: 2884.
Total: 5.670200 ms (FindLiveObjects: 0.178300 ms CreateObjectMapping: 0.104200 ms MarkObjects: 5.204400 ms  DeleteObjects: 0.182500 ms)

========================================================================
Received Import Request.
  Time since last request: 603.489371 seconds.
  path: Assets/Scenes/Main Menu.unity
  artifactKey: Guid(12ed6569643dbb546b6eaf63564d50b9) Importer(815301076,1909f56bfc062723c751e8b465ee728b)
Start importing Assets/Scenes/Main Menu.unity using Guid(12ed6569643dbb546b6eaf63564d50b9) Importer(815301076,1909f56bfc062723c751e8b465ee728b)  -> (artifact id: 'f6077349f8505c3ba2f3149dc7cd97c2') in 0.059485 seconds 
========================================================================
Received Prepare
Registering precompiled user dll's ...
Registered in 0.004695 seconds.
Begin MonoManager ReloadAssembly
Native extension for WindowsStandalone target not found
Refreshing native plugins compatible for Editor in 0.73 ms, found 2 plugins.
Preloading 0 native plugins for Editor in 0.00 ms.
Mono: successfully reloaded assembly
- Completed reload, in  1.103 seconds
Platform modules already initialized, skipping
Refreshing native plugins compatible for Editor in 0.81 ms, found 2 plugins.
Preloading 0 native plugins for Editor in 0.00 ms.
Unloading 2377 Unused Serialized files (Serialized files now loaded: 0)
System memory in use before: 112.2 MB.
System memory in use after: 112.2 MB.

Unloading 51 unused Assets to reduce memory usage. Loaded Objects now: 2887.
Total: 5.576100 ms (FindLiveObjects: 0.178100 ms CreateObjectMapping: 0.097700 ms MarkObjects: 5.128700 ms  DeleteObjects: 0.170800 ms)

========================================================================
Received Import Request.
  Time since last request: 6.220377 seconds.
  path: Assets/Scenes/LevleOne.unity
  artifactKey: Guid(8af174aa5e3f0bd4b95d0190662dc265) Importer(815301076,1909f56bfc062723c751e8b465ee728b)
Start importing Assets/Scenes/LevleOne.unity using Guid(8af174aa5e3f0bd4b95d0190662dc265) Importer(815301076,1909f56bfc062723c751e8b465ee728b)  -> (artifact id: '3872ac40fdf82668612e8a0c055fe624') in 0.024979 seconds 
========================================================================
Received Prepare
Registering precompiled user dll's ...
Registered in 0.003798 seconds.
Begin MonoManager ReloadAssembly
Native extension for WindowsStandalone target not found
Refreshing native plugins compatible for Editor in 0.90 ms, found 2 plugins.
Preloading 0 native plugins for Editor in 0.00 ms.
Mono: successfully reloaded assembly
- Completed reload, in  1.034 seconds
Platform modules already initialized, skipping
Refreshing native plugins compatible for Editor in 0.74 ms, found 2 plugins.
Preloading 0 native plugins for Editor in 0.00 ms.
Unloading 2377 Unused Serialized files (Serialized files now loaded: 0)
System memory in use before: 112.3 MB.
System memory in use after: 112.2 MB.

Unloading 51 unused Assets to reduce memory usage. Loaded Objects now: 2890.
Total: 5.703000 ms (FindLiveObjects: 0.195400 ms CreateObjectMapping: 0.122800 ms MarkObjects: 5.124700 ms  DeleteObjects: 0.259200 ms)

========================================================================
Received Prepare
Registering precompiled user dll's ...
Registered in 0.003908 seconds.
Begin MonoManager ReloadAssembly
Native extension for WindowsStandalone target not found
Refreshing native plugins compatible for Editor in 0.85 ms, found 2 plugins.
Preloading 0 native plugins for Editor in 0.00 ms.
Mono: successfully reloaded assembly
- Completed reload, in  1.154 seconds
Platform modules already initialized, skipping
Refreshing native plugins compatible for Editor in 0.81 ms, found 2 plugins.
Preloading 0 native plugins for Editor in 0.00 ms.
Unloading 2377 Unused Serialized files (Serialized files now loaded: 0)
System memory in use before: 112.3 MB.
System memory in use after: 112.2 MB.

Unloading 51 unused Assets to reduce memory usage. Loaded Objects now: 2893.
Total: 5.992200 ms (FindLiveObjects: 0.209300 ms CreateObjectMapping: 0.117100 ms MarkObjects: 5.456200 ms  DeleteObjects: 0.208000 ms)

========================================================================
Received Prepare
Registering precompiled user dll's ...
Registered in 0.004015 seconds.
Begin MonoManager ReloadAssembly
Native extension for WindowsStandalone target not found
Refreshing native plugins compatible for Editor in 1.28 ms, found 2 plugins.
Preloading 0 native plugins for Editor in 0.00 ms.
Mono: successfully reloaded assembly
- Completed reload, in  2.765 seconds
Platform modules already initialized, skipping
Refreshing native plugins compatible for Editor in 1.17 ms, found 2 plugins.
Preloading 0 native plugins for Editor in 0.00 ms.
Unloading 2377 Unused Serialized files (Serialized files now loaded: 0)
System memory in use before: 112.3 MB.
System memory in use after: 112.2 MB.

Unloading 51 unused Assets to reduce memory usage. Loaded Objects now: 2896.
Total: 9.541000 ms (FindLiveObjects: 0.283700 ms CreateObjectMapping: 0.171000 ms MarkObjects: 8.752800 ms  DeleteObjects: 0.331900 ms)

========================================================================
Received Prepare
Registering precompiled user dll's ...
Registered in 0.005281 seconds.
Begin MonoManager ReloadAssembly
Native extension for WindowsStandalone target not found
Refreshing native plugins compatible for Editor in 0.91 ms, found 2 plugins.
Preloading 0 native plugins for Editor in 0.00 ms.
Mono: successfully reloaded assembly
- Completed reload, in  1.440 seconds
Platform modules already initialized, skipping
Refreshing native plugins compatible for Editor in 0.99 ms, found 2 plugins.
Preloading 0 native plugins for Editor in 0.00 ms.
Unloading 2377 Unused Serialized files (Serialized files now loaded: 0)
System memory in use before: 112.3 MB.
System memory in use after: 112.2 MB.

Unloading 51 unused Assets to reduce memory usage. Loaded Objects now: 2899.
Total: 7.965100 ms (FindLiveObjects: 0.230600 ms CreateObjectMapping: 0.135400 ms MarkObjects: 7.359100 ms  DeleteObjects: 0.238400 ms)

========================================================================
Received Prepare
Registering precompiled user dll's ...
Registered in 0.004073 seconds.
Begin MonoManager ReloadAssembly
Native extension for WindowsStandalone target not found
Refreshing native plugins compatible for Editor in 0.67 ms, found 2 plugins.
Preloading 0 native plugins for Editor in 0.00 ms.
Mono: successfully reloaded assembly
- Completed reload, in  1.086 seconds
Platform modules already initialized, skipping
Refreshing native plugins compatible for Editor in 0.94 ms, found 2 plugins.
Preloading 0 native plugins for Editor in 0.00 ms.
Unloading 2377 Unused Serialized files (Serialized files now loaded: 0)
System memory in use before: 112.2 MB.
System memory in use after: 112.1 MB.

Unloading 51 unused Assets to reduce memory usage. Loaded Objects now: 2902.
Total: 7.961500 ms (FindLiveObjects: 0.222900 ms CreateObjectMapping: 0.133700 ms MarkObjects: 7.354400 ms  DeleteObjects: 0.248800 ms)

========================================================================
Received Prepare
Registering precompiled user dll's ...
Registered in 0.006405 seconds.
Begin MonoManager ReloadAssembly
Native extension for WindowsStandalone target not found
Refreshing native plugins compatible for Editor in 1.03 ms, found 2 plugins.
Preloading 0 native plugins for Editor in 0.00 ms.
Mono: successfully reloaded assembly
- Completed reload, in  1.533 seconds
Platform modules already initialized, skipping
Refreshing native plugins compatible for Editor in 1.15 ms, found 2 plugins.
Preloading 0 native plugins for Editor in 0.00 ms.
Unloading 2377 Unused Serialized files (Serialized files now loaded: 0)
System memory in use before: 112.3 MB.
System memory in use after: 112.2 MB.

Unloading 51 unused Assets to reduce memory usage. Loaded Objects now: 2905.
Total: 8.135400 ms (FindLiveObjects: 0.257000 ms CreateObjectMapping: 0.153700 ms MarkObjects: 7.444100 ms  DeleteObjects: 0.278900 ms)

========================================================================
Received Prepare
Registering precompiled user dll's ...
Registered in 0.004250 seconds.
Begin MonoManager ReloadAssembly
Native extension for WindowsStandalone target not found
Refreshing native plugins compatible for Editor in 0.69 ms, found 2 plugins.
Preloading 0 native plugins for Editor in 0.00 ms.
Mono: successfully reloaded assembly
- Completed reload, in  1.019 seconds
Platform modules already initialized, skipping
Refreshing native plugins compatible for Editor in 0.93 ms, found 2 plugins.
Preloading 0 native plugins for Editor in 0.00 ms.
Unloading 2377 Unused Serialized files (Serialized files now loaded: 0)
System memory in use before: 112.3 MB.
System memory in use after: 112.2 MB.

Unloading 51 unused Assets to reduce memory usage. Loaded Objects now: 2908.
Total: 7.054400 ms (FindLiveObjects: 0.216200 ms CreateObjectMapping: 0.128600 ms MarkObjects: 6.466300 ms  DeleteObjects: 0.242000 ms)

========================================================================
Received Import Request.
  Time since last request: 1058.008844 seconds.
  path: Assets/Scripts/MirrorPlayerScript.cs
  artifactKey: Guid(a04cabe6f703c2e4b9d1bfc891dae905) Importer(815301076,1909f56bfc062723c751e8b465ee728b)
Start importing Assets/Scripts/MirrorPlayerScript.cs using Guid(a04cabe6f703c2e4b9d1bfc891dae905) Importer(815301076,1909f56bfc062723c751e8b465ee728b)  -> (artifact id: '45aef7309efadf8efe22dae55eeb2bcf') in 0.007234 seconds 
========================================================================
Received Prepare
Registering precompiled user dll's ...
Registered in 0.006476 seconds.
Begin MonoManager ReloadAssembly
Native extension for WindowsStandalone target not found
Refreshing native plugins compatible for Editor in 0.88 ms, found 2 plugins.
Preloading 0 native plugins for Editor in 0.00 ms.
Mono: successfully reloaded assembly
- Completed reload, in  2.104 seconds
Platform modules already initialized, skipping
Refreshing native plugins compatible for Editor in 0.92 ms, found 2 plugins.
Preloading 0 native plugins for Editor in 0.00 ms.
Unloading 2378 Unused Serialized files (Serialized files now loaded: 0)
System memory in use before: 112.3 MB.
System memory in use after: 112.3 MB.

Unloading 51 unused Assets to reduce memory usage. Loaded Objects now: 2912.
Total: 8.102500 ms (FindLiveObjects: 0.223200 ms CreateObjectMapping: 0.132600 ms MarkObjects: 7.494700 ms  DeleteObjects: 0.251000 ms)

========================================================================
Received Prepare
Registering precompiled user dll's ...
Registered in 0.005085 seconds.
Begin MonoManager ReloadAssembly
Native extension for WindowsStandalone target not found
Refreshing native plugins compatible for Editor in 0.99 ms, found 2 plugins.
Preloading 0 native plugins for Editor in 0.00 ms.
Mono: successfully reloaded assembly
- Completed reload, in  1.478 seconds
Platform modules already initialized, skipping
Refreshing native plugins compatible for Editor in 1.02 ms, found 2 plugins.
Preloading 0 native plugins for Editor in 0.00 ms.
Unloading 2378 Unused Serialized files (Serialized files now loaded: 0)
System memory in use before: 112.4 MB.
System memory in use after: 112.3 MB.

Unloading 51 unused Assets to reduce memory usage. Loaded Objects now: 2915.
Total: 8.087200 ms (FindLiveObjects: 0.241100 ms CreateObjectMapping: 0.127500 ms MarkObjects: 7.446900 ms  DeleteObjects: 0.269500 ms)

========================================================================
Received Import Request.
  Time since last request: 309.848168 seconds.
  path: Assets/Prefabs/Player modle.prefab
  artifactKey: Guid(33821a1419abb5d45b1fecb78bb323fb) Importer(815301076,1909f56bfc062723c751e8b465ee728b)
Start importing Assets/Prefabs/Player modle.prefab using Guid(33821a1419abb5d45b1fecb78bb323fb) Importer(815301076,1909f56bfc062723c751e8b465ee728b)  -> (artifact id: 'fba13930d1c3cdc6c71fa0deb5dc60af') in 0.207604 seconds 
========================================================================
Received Prepare
Registering precompiled user dll's ...
Registered in 0.004213 seconds.
Begin MonoManager ReloadAssembly
Native extension for WindowsStandalone target not found
Refreshing native plugins compatible for Editor in 1.01 ms, found 2 plugins.
Preloading 0 native plugins for Editor in 0.00 ms.
Mono: successfully reloaded assembly
- Completed reload, in  1.050 seconds
Platform modules already initialized, skipping
Refreshing native plugins compatible for Editor in 0.83 ms, found 2 plugins.
Preloading 0 native plugins for Editor in 0.00 ms.
Unloading 2378 Unused Serialized files (Serialized files now loaded: 0)
System memory in use before: 116.1 MB.
System memory in use after: 116.0 MB.

Unloading 52 unused Assets to reduce memory usage. Loaded Objects now: 2928.
Total: 5.994300 ms (FindLiveObjects: 0.181000 ms CreateObjectMapping: 0.100100 ms MarkObjects: 5.531800 ms  DeleteObjects: 0.180500 ms)

========================================================================
Received Import Request.
  Time since last request: 22.354130 seconds.
  path: Assets/Prefabs/Player modle.prefab
  artifactKey: Guid(33821a1419abb5d45b1fecb78bb323fb) Importer(815301076,1909f56bfc062723c751e8b465ee728b)
Start importing Assets/Prefabs/Player modle.prefab using Guid(33821a1419abb5d45b1fecb78bb323fb) Importer(815301076,1909f56bfc062723c751e8b465ee728b)  -> (artifact id: '77fd39bfba4c587ea6e45c594544568c') in 0.059866 seconds 
========================================================================
Received Prepare
Registering precompiled user dll's ...
Registered in 0.009114 seconds.
Begin MonoManager ReloadAssembly
Native extension for WindowsStandalone target not found
Refreshing native plugins compatible for Editor in 1.00 ms, found 2 plugins.
Preloading 0 native plugins for Editor in 0.00 ms.
Mono: successfully reloaded assembly
- Completed reload, in  2.188 seconds
Platform modules already initialized, skipping
Refreshing native plugins compatible for Editor in 0.93 ms, found 2 plugins.
Preloading 0 native plugins for Editor in 0.00 ms.
Unloading 2378 Unused Serialized files (Serialized files now loaded: 0)
System memory in use before: 116.1 MB.
System memory in use after: 116.0 MB.

Unloading 52 unused Assets to reduce memory usage. Loaded Objects now: 2932.
Total: 8.073600 ms (FindLiveObjects: 0.214300 ms CreateObjectMapping: 0.120500 ms MarkObjects: 7.493000 ms  DeleteObjects: 0.244600 ms)

========================================================================
Received Prepare
Registering precompiled user dll's ...
Registered in 0.005304 seconds.
Begin MonoManager ReloadAssembly
Native extension for WindowsStandalone target not found
Refreshing native plugins compatible for Editor in 0.85 ms, found 2 plugins.
Preloading 0 native plugins for Editor in 0.00 ms.
Mono: successfully reloaded assembly
- Completed reload, in  1.429 seconds
Platform modules already initialized, skipping
Refreshing native plugins compatible for Editor in 1.00 ms, found 2 plugins.
Preloading 0 native plugins for Editor in 0.00 ms.
Unloading 2378 Unused Serialized files (Serialized files now loaded: 0)
System memory in use before: 116.1 MB.
System memory in use after: 116.0 MB.

Unloading 51 unused Assets to reduce memory usage. Loaded Objects now: 2935.
Total: 7.821100 ms (FindLiveObjects: 0.232600 ms CreateObjectMapping: 0.147900 ms MarkObjects: 7.199000 ms  DeleteObjects: 0.240300 ms)

========================================================================
Received Prepare
Registering precompiled user dll's ...
Registered in 0.005402 seconds.
Begin MonoManager ReloadAssembly
Native extension for WindowsStandalone target not found
Refreshing native plugins compatible for Editor in 0.89 ms, found 2 plugins.
Preloading 0 native plugins for Editor in 0.00 ms.
Mono: successfully reloaded assembly
- Completed reload, in  1.443 seconds
Platform modules already initialized, skipping
Refreshing native plugins compatible for Editor in 1.10 ms, found 2 plugins.
Preloading 0 native plugins for Editor in 0.00 ms.
Unloading 2378 Unused Serialized files (Serialized files now loaded: 0)
System memory in use before: 116.0 MB.
System memory in use after: 115.9 MB.

Unloading 51 unused Assets to reduce memory usage. Loaded Objects now: 2938.
Total: 9.822400 ms (FindLiveObjects: 0.270000 ms CreateObjectMapping: 0.161800 ms MarkObjects: 9.072100 ms  DeleteObjects: 0.317100 ms)

========================================================================
Received Prepare
Registering precompiled user dll's ...
Registered in 0.007088 seconds.
Begin MonoManager ReloadAssembly
Native extension for WindowsStandalone target not found
Refreshing native plugins compatible for Editor in 0.92 ms, found 2 plugins.
Preloading 0 native plugins for Editor in 0.00 ms.
Mono: successfully reloaded assembly
- Completed reload, in  1.471 seconds
Platform modules already initialized, skipping
Refreshing native plugins compatible for Editor in 1.00 ms, found 2 plugins.
Preloading 0 native plugins for Editor in 0.00 ms.
Unloading 2378 Unused Serialized files (Serialized files now loaded: 0)
System memory in use before: 116.1 MB.
System memory in use after: 116.1 MB.

Unloading 51 unused Assets to reduce memory usage. Loaded Objects now: 2941.
Total: 8.215800 ms (FindLiveObjects: 0.273700 ms CreateObjectMapping: 0.135300 ms MarkObjects: 7.510000 ms  DeleteObjects: 0.294400 ms)

========================================================================
Received Import Request.
  Time since last request: 438.024623 seconds.
  path: Assets/Prefabs/Player modle.prefab
  artifactKey: Guid(33821a1419abb5d45b1fecb78bb323fb) Importer(815301076,1909f56bfc062723c751e8b465ee728b)
Start importing Assets/Prefabs/Player modle.prefab using Guid(33821a1419abb5d45b1fecb78bb323fb) Importer(815301076,1909f56bfc062723c751e8b465ee728b)  -> (artifact id: 'aa12113f4784d09f3b55fa9156ba5a02') in 0.103776 seconds 
========================================================================
Received Import Request.
  Time since last request: 0.000242 seconds.
  path: Assets/Prefabs/Player.prefab
  artifactKey: Guid(7a3d99d7bcaeac24fb3e9351a275ee18) Importer(815301076,1909f56bfc062723c751e8b465ee728b)
Start importing Assets/Prefabs/Player.prefab using Guid(7a3d99d7bcaeac24fb3e9351a275ee18) Importer(815301076,1909f56bfc062723c751e8b465ee728b)  -> (artifact id: 'b78388d8ca047cdae23e9d4734b4d39b') in 0.094839 seconds 
========================================================================
Received Prepare
Registering precompiled user dll's ...
Registered in 0.005154 seconds.
Begin MonoManager ReloadAssembly
Native extension for WindowsStandalone target not found
Refreshing native plugins compatible for Editor in 0.73 ms, found 2 plugins.
Preloading 0 native plugins for Editor in 0.00 ms.
Mono: successfully reloaded assembly
- Completed reload, in  1.033 seconds
Platform modules already initialized, skipping
Refreshing native plugins compatible for Editor in 0.75 ms, found 2 plugins.
Preloading 0 native plugins for Editor in 0.00 ms.
Unloading 2378 Unused Serialized files (Serialized files now loaded: 0)
System memory in use before: 116.3 MB.
System memory in use after: 116.2 MB.

Unloading 53 unused Assets to reduce memory usage. Loaded Objects now: 2947.
Total: 5.560900 ms (FindLiveObjects: 0.185100 ms CreateObjectMapping: 0.102600 ms MarkObjects: 5.072800 ms  DeleteObjects: 0.199600 ms)

========================================================================
Received Import Request.
  Time since last request: 7.671598 seconds.
  path: Assets/Prefabs/Player modle.prefab
  artifactKey: Guid(33821a1419abb5d45b1fecb78bb323fb) Importer(815301076,1909f56bfc062723c751e8b465ee728b)
Start importing Assets/Prefabs/Player modle.prefab using Guid(33821a1419abb5d45b1fecb78bb323fb) Importer(815301076,1909f56bfc062723c751e8b465ee728b)  -> (artifact id: 'c9514c5a148cca57e51d7ca6d63aaed7') in 0.060310 seconds 
========================================================================
Received Prepare
Registering precompiled user dll's ...
Registered in 0.006836 seconds.
Begin MonoManager ReloadAssembly
Native extension for WindowsStandalone target not found
Refreshing native plugins compatible for Editor in 1.16 ms, found 2 plugins.
Preloading 0 native plugins for Editor in 0.00 ms.
Mono: successfully reloaded assembly
- Completed reload, in  1.778 seconds
Platform modules already initialized, skipping
Refreshing native plugins compatible for Editor in 1.14 ms, found 2 plugins.
Preloading 0 native plugins for Editor in 0.00 ms.
Unloading 2378 Unused Serialized files (Serialized files now loaded: 0)
System memory in use before: 116.3 MB.
System memory in use after: 116.2 MB.

Unloading 52 unused Assets to reduce memory usage. Loaded Objects now: 2951.
Total: 9.432500 ms (FindLiveObjects: 0.266900 ms CreateObjectMapping: 0.189500 ms MarkObjects: 8.665900 ms  DeleteObjects: 0.308400 ms)

========================================================================
Received Import Request.
  Time since last request: 63.750509 seconds.
  path: ProjectSettings/TagManager.asset
  artifactKey: Guid(00000000000000003000000000000000) Importer(815301076,1909f56bfc062723c751e8b465ee728b)
Start importing ProjectSettings/TagManager.asset using Guid(00000000000000003000000000000000) Importer(815301076,1909f56bfc062723c751e8b465ee728b)  -> (artifact id: '4fba401f1b45e9c28246b3cd8bc32fa4') in 0.022864 seconds 
========================================================================
Received Import Request.
  Time since last request: 206.319462 seconds.
  path: Assets/Prefabs/Player modle.prefab
  artifactKey: Guid(33821a1419abb5d45b1fecb78bb323fb) Importer(815301076,1909f56bfc062723c751e8b465ee728b)
Start importing Assets/Prefabs/Player modle.prefab using Guid(33821a1419abb5d45b1fecb78bb323fb) Importer(815301076,1909f56bfc062723c751e8b465ee728b)  -> (artifact id: '82c2af40b9739840a084724f8690359b') in 0.081860 seconds 
========================================================================
Received Prepare
Registering precompiled user dll's ...
Registered in 0.005510 seconds.
Begin MonoManager ReloadAssembly
Native extension for WindowsStandalone target not found
Refreshing native plugins compatible for Editor in 0.96 ms, found 2 plugins.
Preloading 0 native plugins for Editor in 0.00 ms.
Mono: successfully reloaded assembly
- Completed reload, in  1.527 seconds
Platform modules already initialized, skipping
Refreshing native plugins compatible for Editor in 0.99 ms, found 2 plugins.
Preloading 0 native plugins for Editor in 0.00 ms.
Unloading 2378 Unused Serialized files (Serialized files now loaded: 0)
System memory in use before: 116.3 MB.
System memory in use after: 116.2 MB.

Unloading 53 unused Assets to reduce memory usage. Loaded Objects now: 2955.
Total: 9.268100 ms (FindLiveObjects: 0.271200 ms CreateObjectMapping: 0.153000 ms MarkObjects: 8.555200 ms  DeleteObjects: 0.287400 ms)

========================================================================
Received Prepare
Registering precompiled user dll's ...
Registered in 0.004905 seconds.
Begin MonoManager ReloadAssembly
Native extension for WindowsStandalone target not found
Refreshing native plugins compatible for Editor in 0.75 ms, found 2 plugins.
Preloading 0 native plugins for Editor in 0.00 ms.
Mono: successfully reloaded assembly
- Completed reload, in  1.085 seconds
Platform modules already initialized, skipping
Refreshing native plugins compatible for Editor in 0.79 ms, found 2 plugins.
Preloading 0 native plugins for Editor in 0.00 ms.
Unloading 2378 Unused Serialized files (Serialized files now loaded: 0)
System memory in use before: 116.2 MB.
System memory in use after: 116.1 MB.

Unloading 51 unused Assets to reduce memory usage. Loaded Objects now: 2958.
Total: 5.700400 ms (FindLiveObjects: 0.178100 ms CreateObjectMapping: 0.085200 ms MarkObjects: 5.232100 ms  DeleteObjects: 0.204200 ms)

========================================================================
Received Import Request.
  Time since last request: 304.031209 seconds.
  path: Assets/Scripts/DummyPlayerScript.cs
  artifactKey: Guid(a1a4ff7e8ee1d0144b08e46658119495) Importer(815301076,1909f56bfc062723c751e8b465ee728b)
Start importing Assets/Scripts/DummyPlayerScript.cs using Guid(a1a4ff7e8ee1d0144b08e46658119495) Importer(815301076,1909f56bfc062723c751e8b465ee728b)  -> (artifact id: '04f0d7344ca7e4fa326fce8accc7f2ca') in 0.008357 seconds 
========================================================================
Received Prepare
Registering precompiled user dll's ...
Registered in 0.009232 seconds.
Begin MonoManager ReloadAssembly
Native extension for WindowsStandalone target not found
Refreshing native plugins compatible for Editor in 0.91 ms, found 2 plugins.
Preloading 0 native plugins for Editor in 0.00 ms.
Mono: successfully reloaded assembly
- Completed reload, in  2.147 seconds
Platform modules already initialized, skipping
Refreshing native plugins compatible for Editor in 0.97 ms, found 2 plugins.
Preloading 0 native plugins for Editor in 0.00 ms.
Unloading 2379 Unused Serialized files (Serialized files now loaded: 0)
System memory in use before: 116.3 MB.
System memory in use after: 116.2 MB.

Unloading 51 unused Assets to reduce memory usage. Loaded Objects now: 2962.
Total: 8.330100 ms (FindLiveObjects: 0.258900 ms CreateObjectMapping: 0.151100 ms MarkObjects: 7.639500 ms  DeleteObjects: 0.279100 ms)

========================================================================
Received Prepare
Registering precompiled user dll's ...
Registered in 0.005578 seconds.
Begin MonoManager ReloadAssembly
Native extension for WindowsStandalone target not found
Refreshing native plugins compatible for Editor in 0.89 ms, found 2 plugins.
Preloading 0 native plugins for Editor in 0.00 ms.
Mono: successfully reloaded assembly
- Completed reload, in  1.423 seconds
Platform modules already initialized, skipping
Refreshing native plugins compatible for Editor in 0.91 ms, found 2 plugins.
Preloading 0 native plugins for Editor in 0.00 ms.
Unloading 2379 Unused Serialized files (Serialized files now loaded: 0)
System memory in use before: 116.3 MB.
System memory in use after: 116.3 MB.

Unloading 51 unused Assets to reduce memory usage. Loaded Objects now: 2965.
Total: 7.927100 ms (FindLiveObjects: 0.250800 ms CreateObjectMapping: 0.130700 ms MarkObjects: 7.289900 ms  DeleteObjects: 0.254200 ms)

========================================================================
Received Import Request.
  Time since last request: 223.098208 seconds.
  path: Assets/Scripts/DummyPlayerScript.cs
  artifactKey: Guid(a1a4ff7e8ee1d0144b08e46658119495) Importer(815301076,1909f56bfc062723c751e8b465ee728b)
Start importing Assets/Scripts/DummyPlayerScript.cs using Guid(a1a4ff7e8ee1d0144b08e46658119495) Importer(815301076,1909f56bfc062723c751e8b465ee728b)  -> (artifact id: '770d20595611342945e26da8f8cc21b0') in 0.005197 seconds 
========================================================================
Received Import Request.
  Time since last request: 7.483866 seconds.
  path: Assets/Prefabs/Player modle.prefab
  artifactKey: Guid(33821a1419abb5d45b1fecb78bb323fb) Importer(815301076,1909f56bfc062723c751e8b465ee728b)
Start importing Assets/Prefabs/Player modle.prefab using Guid(33821a1419abb5d45b1fecb78bb323fb) Importer(815301076,1909f56bfc062723c751e8b465ee728b)  -> (artifact id: '7cbadb5862df05b9972e8f1a35e28a97') in 0.140582 seconds 
========================================================================
Received Import Request.
  Time since last request: 3.620525 seconds.
  path: Assets/Prefabs/Player modle.prefab
  artifactKey: Guid(33821a1419abb5d45b1fecb78bb323fb) Importer(815301076,1909f56bfc062723c751e8b465ee728b)
Start importing Assets/Prefabs/Player modle.prefab using Guid(33821a1419abb5d45b1fecb78bb323fb) Importer(815301076,1909f56bfc062723c751e8b465ee728b)  -> (artifact id: '65ba51601ab12e7ec7935d235a79aada') in 0.064017 seconds 
========================================================================
Received Import Request.
  Time since last request: 2.175086 seconds.
  path: Assets/Prefabs/Player modle.prefab
  artifactKey: Guid(33821a1419abb5d45b1fecb78bb323fb) Importer(815301076,1909f56bfc062723c751e8b465ee728b)
Start importing Assets/Prefabs/Player modle.prefab using Guid(33821a1419abb5d45b1fecb78bb323fb) Importer(815301076,1909f56bfc062723c751e8b465ee728b)  -> (artifact id: '120c7de273a4e2edf51aa54fc727b688') in 0.009709 seconds 
========================================================================
Received Prepare
Registering precompiled user dll's ...
Registered in 0.009890 seconds.
Begin MonoManager ReloadAssembly
Native extension for WindowsStandalone target not found
Refreshing native plugins compatible for Editor in 0.88 ms, found 2 plugins.
Preloading 0 native plugins for Editor in 0.00 ms.
Mono: successfully reloaded assembly
- Completed reload, in  1.544 seconds
Platform modules already initialized, skipping
Refreshing native plugins compatible for Editor in 0.96 ms, found 2 plugins.
Preloading 0 native plugins for Editor in 0.00 ms.
Unloading 2379 Unused Serialized files (Serialized files now loaded: 0)
System memory in use before: 116.4 MB.
System memory in use after: 116.3 MB.

Unloading 52 unused Assets to reduce memory usage. Loaded Objects now: 2969.
Total: 7.483900 ms (FindLiveObjects: 0.238000 ms CreateObjectMapping: 0.139700 ms MarkObjects: 6.821600 ms  DeleteObjects: 0.283500 ms)

========================================================================
Received Prepare
Registering precompiled user dll's ...
Registered in 0.005419 seconds.
Begin MonoManager ReloadAssembly
Native extension for WindowsStandalone target not found
Refreshing native plugins compatible for Editor in 0.92 ms, found 2 plugins.
Preloading 0 native plugins for Editor in 0.00 ms.
Mono: successfully reloaded assembly
- Completed reload, in  1.478 seconds
Platform modules already initialized, skipping
Refreshing native plugins compatible for Editor in 0.99 ms, found 2 plugins.
Preloading 0 native plugins for Editor in 0.00 ms.
Unloading 2379 Unused Serialized files (Serialized files now loaded: 0)
System memory in use before: 116.4 MB.
System memory in use after: 116.3 MB.

Unloading 51 unused Assets to reduce memory usage. Loaded Objects now: 2972.
Total: 8.701600 ms (FindLiveObjects: 0.239600 ms CreateObjectMapping: 0.145400 ms MarkObjects: 8.046500 ms  DeleteObjects: 0.268800 ms)

========================================================================
Received Prepare
Registering precompiled user dll's ...
Registered in 0.005462 seconds.
Begin MonoManager ReloadAssembly
Native extension for WindowsStandalone target not found
Refreshing native plugins compatible for Editor in 0.86 ms, found 2 plugins.
Preloading 0 native plugins for Editor in 0.00 ms.
Mono: successfully reloaded assembly
- Completed reload, in  2.148 seconds
Platform modules already initialized, skipping
Refreshing native plugins compatible for Editor in 0.96 ms, found 2 plugins.
Preloading 0 native plugins for Editor in 0.00 ms.
Unloading 2379 Unused Serialized files (Serialized files now loaded: 0)
System memory in use before: 116.3 MB.
System memory in use after: 116.2 MB.

Unloading 51 unused Assets to reduce memory usage. Loaded Objects now: 2975.
Total: 9.151100 ms (FindLiveObjects: 0.244500 ms CreateObjectMapping: 0.135400 ms MarkObjects: 8.496200 ms  DeleteObjects: 0.273700 ms)

========================================================================
Received Prepare
Registering precompiled user dll's ...
Registered in 0.005118 seconds.
Begin MonoManager ReloadAssembly
Native extension for WindowsStandalone target not found
Refreshing native plugins compatible for Editor in 0.90 ms, found 2 plugins.
Preloading 0 native plugins for Editor in 0.00 ms.
Mono: successfully reloaded assembly
- Completed reload, in  1.505 seconds
Platform modules already initialized, skipping
Refreshing native plugins compatible for Editor in 1.00 ms, found 2 plugins.
Preloading 0 native plugins for Editor in 0.00 ms.
Unloading 2379 Unused Serialized files (Serialized files now loaded: 0)
System memory in use before: 116.4 MB.
System memory in use after: 116.3 MB.

Unloading 51 unused Assets to reduce memory usage. Loaded Objects now: 2978.
Total: 8.752000 ms (FindLiveObjects: 0.247700 ms CreateObjectMapping: 0.149800 ms MarkObjects: 8.079700 ms  DeleteObjects: 0.273500 ms)

========================================================================
Received Prepare
Registering precompiled user dll's ...
Registered in 0.004180 seconds.
Begin MonoManager ReloadAssembly
Native extension for WindowsStandalone target not found
Refreshing native plugins compatible for Editor in 1.21 ms, found 2 plugins.
Preloading 0 native plugins for Editor in 0.00 ms.
Mono: successfully reloaded assembly
- Completed reload, in  1.119 seconds
Platform modules already initialized, skipping
Refreshing native plugins compatible for Editor in 0.90 ms, found 2 plugins.
Preloading 0 native plugins for Editor in 0.00 ms.
Unloading 2379 Unused Serialized files (Serialized files now loaded: 0)
System memory in use before: 116.4 MB.
System memory in use after: 116.3 MB.

Unloading 51 unused Assets to reduce memory usage. Loaded Objects now: 2981.
Total: 7.444700 ms (FindLiveObjects: 0.248000 ms CreateObjectMapping: 0.143800 ms MarkObjects: 6.788600 ms  DeleteObjects: 0.262400 ms)

========================================================================
Received Import Request.
  Time since last request: 447.380243 seconds.
  path: Assets/Prefabs/Player modle.prefab
  artifactKey: Guid(33821a1419abb5d45b1fecb78bb323fb) Importer(815301076,1909f56bfc062723c751e8b465ee728b)
Start importing Assets/Prefabs/Player modle.prefab using Guid(33821a1419abb5d45b1fecb78bb323fb) Importer(815301076,1909f56bfc062723c751e8b465ee728b)  -> (artifact id: '25efdb1b4868c8371f8290316fa83269') in 0.114901 seconds 
========================================================================
Received Prepare
Registering precompiled user dll's ...
Registered in 0.004141 seconds.
Begin MonoManager ReloadAssembly
Native extension for WindowsStandalone target not found
Refreshing native plugins compatible for Editor in 0.71 ms, found 2 plugins.
Preloading 0 native plugins for Editor in 0.00 ms.
Mono: successfully reloaded assembly
- Completed reload, in  1.077 seconds
Platform modules already initialized, skipping
Refreshing native plugins compatible for Editor in 0.92 ms, found 2 plugins.
Preloading 0 native plugins for Editor in 0.00 ms.
Unloading 2379 Unused Serialized files (Serialized files now loaded: 0)
System memory in use before: 116.4 MB.
System memory in use after: 116.3 MB.

Unloading 52 unused Assets to reduce memory usage. Loaded Objects now: 2985.
Total: 8.164100 ms (FindLiveObjects: 0.233500 ms CreateObjectMapping: 0.137800 ms MarkObjects: 7.542400 ms  DeleteObjects: 0.249300 ms)

========================================================================
Received Import Request.
  Time since last request: 7.383296 seconds.
  path: Assets/Prefabs/Player modle.prefab
  artifactKey: Guid(33821a1419abb5d45b1fecb78bb323fb) Importer(815301076,1909f56bfc062723c751e8b465ee728b)
Start importing Assets/Prefabs/Player modle.prefab using Guid(33821a1419abb5d45b1fecb78bb323fb) Importer(815301076,1909f56bfc062723c751e8b465ee728b)  -> (artifact id: '176d1362eba1f9e29d67c68c0582dd9d') in 0.072116 seconds 
========================================================================
Received Prepare
Registering precompiled user dll's ...
Registered in 0.004989 seconds.
Begin MonoManager ReloadAssembly
Native extension for WindowsStandalone target not found
Refreshing native plugins compatible for Editor in 0.88 ms, found 2 plugins.
Preloading 0 native plugins for Editor in 0.00 ms.
Mono: successfully reloaded assembly
- Completed reload, in  1.288 seconds
Platform modules already initialized, skipping
Refreshing native plugins compatible for Editor in 0.97 ms, found 2 plugins.
Preloading 0 native plugins for Editor in 0.00 ms.
Unloading 2379 Unused Serialized files (Serialized files now loaded: 0)
System memory in use before: 116.4 MB.
System memory in use after: 116.4 MB.

Unloading 52 unused Assets to reduce memory usage. Loaded Objects now: 2989.
Total: 8.082800 ms (FindLiveObjects: 0.294500 ms CreateObjectMapping: 0.173800 ms MarkObjects: 7.355200 ms  DeleteObjects: 0.258100 ms)

========================================================================
Received Prepare
Registering precompiled user dll's ...
Registered in 0.003899 seconds.
Begin MonoManager ReloadAssembly
Native extension for WindowsStandalone target not found
Refreshing native plugins compatible for Editor in 0.77 ms, found 2 plugins.
Preloading 0 native plugins for Editor in 0.00 ms.
Mono: successfully reloaded assembly
- Completed reload, in  1.005 seconds
Platform modules already initialized, skipping
Refreshing native plugins compatible for Editor in 0.77 ms, found 2 plugins.
Preloading 0 native plugins for Editor in 0.00 ms.
Unloading 2379 Unused Serialized files (Serialized files now loaded: 0)
System memory in use before: 116.3 MB.
System memory in use after: 116.3 MB.

Unloading 51 unused Assets to reduce memory usage. Loaded Objects now: 2992.
Total: 6.821300 ms (FindLiveObjects: 0.215800 ms CreateObjectMapping: 0.122500 ms MarkObjects: 6.291000 ms  DeleteObjects: 0.191200 ms)

AssetImportWorkerClient::OnTransportError - code=2 error=End of file
