Using pre-set license
Built from '2021.1/staging' branch; Version is '2021.1.7f1 (d91830b65d9b) revision 14227504'; Using compiler version '192528614'; Build Type 'Release'
OS: 'Windows 10 Home; OS build 22000.556; Version 2009; 64bit' Language: 'en' Physical Memory: 16087 MB
BatchMode: 1, IsHumanControllingUs: 0, StartBugReporterOnCrash: 0, Is64bit: 1, IsPro: 0

 COMMAND LINE ARGUMENTS:
C:\Program Files\Unity 2021.1.7f1\Editor\Unity.exe
-adb2
-batchMode
-noUpm
-name
AssetImportWorker0
-projectPath
C:/Users/matt2/Documents/GitHub/platformer/joodel hop
-logFile
Logs/AssetImportWorker0.log
-srvPort
59013
Successfully changed project path to: C:/Users/matt2/Documents/GitHub/platformer/joodel hop
C:/Users/matt2/Documents/GitHub/platformer/joodel hop
Using Asset Import Pipeline V2.
Refreshing native plugins compatible for Editor in 127.20 ms, found 2 plugins.
Preloading 0 native plugins for Editor in 0.00 ms.
Initialize engine version: 2021.1.7f1 (d91830b65d9b)
[Subsystems] Discovering subsystems at path C:/Program Files/Unity 2021.1.7f1/Editor/Data/Resources/UnitySubsystems
[Subsystems] Discovering subsystems at path C:/Users/matt2/Documents/GitHub/platformer/joodel hop/Assets
GfxDevice: creating device client; threaded=0; jobified=0
Direct3D:
    Version:  Direct3D 11.0 [level 11.1]
    Renderer: NVIDIA GeForce GTX 1650 Ti with Max-Q Design (ID=0x1f95)
    Vendor:   NVIDIA
    VRAM:     3962 MB
    Driver:   30.0.14.7247
Initialize mono
Mono path[0] = 'C:/Program Files/Unity 2021.1.7f1/Editor/Data/Managed'
Mono path[1] = 'C:/Program Files/Unity 2021.1.7f1/Editor/Data/MonoBleedingEdge/lib/mono/unityjit'
Mono config path = 'C:/Program Files/Unity 2021.1.7f1/Editor/Data/MonoBleedingEdge/etc'
Using monoOptions --debugger-agent=transport=dt_socket,embedding=1,server=y,suspend=n,address=127.0.0.1:56844
Begin MonoManager ReloadAssembly
Registering precompiled unity dll's ...
Register platform support module: C:/Program Files/Unity 2021.1.7f1/Editor/Data/PlaybackEngines/WindowsStandaloneSupport/UnityEditor.WindowsStandalone.Extensions.dll
Registered in 0.001802 seconds.
Native extension for WindowsStandalone target not found
Refreshing native plugins compatible for Editor in 118.39 ms, found 2 plugins.
Preloading 0 native plugins for Editor in 0.00 ms.
Mono: successfully reloaded assembly
- Completed reload, in  1.404 seconds
Platform modules already initialized, skipping
Registering precompiled user dll's ...
Registered in 0.002936 seconds.
Begin MonoManager ReloadAssembly
Symbol file LoadedFromMemory doesn't match image C:\Users\matt2\Documents\GitHub\platformer\joodel hop\Library\PackageCache\com.unity.visualscripting@1.6.1\Editor\VisualScripting.Core\Dependencies\YamlDotNet\Unity.VisualScripting.YamlDotNet.dll
Symbol file LoadedFromMemory doesn't match image C:\Users\matt2\Documents\GitHub\platformer\joodel hop\Library\PackageCache\com.unity.visualscripting@1.6.1\Editor\VisualScripting.Core\Dependencies\DotNetZip\Unity.VisualScripting.IonicZip.dll
Native extension for WindowsStandalone target not found
Refreshing native plugins compatible for Editor in 107.78 ms, found 2 plugins.
Preloading 0 native plugins for Editor in 0.00 ms.
Mono: successfully reloaded assembly
- Completed reload, in  1.434 seconds
Platform modules already initialized, skipping
========================================================================
Worker process is ready to serve import requests
Launched and connected shader compiler UnityShaderCompiler.exe after 0.04 seconds
Refreshing native plugins compatible for Editor in 0.81 ms, found 2 plugins.
Preloading 0 native plugins for Editor in 0.00 ms.
Unloading 3372 Unused Serialized files (Serialized files now loaded: 0)
System memory in use before: 127.9 MB.
System memory in use after: 128.0 MB.

Unloading 28 unused Assets to reduce memory usage. Loaded Objects now: 3825.
Total: 3.212700 ms (FindLiveObjects: 0.305600 ms CreateObjectMapping: 0.226000 ms MarkObjects: 2.541600 ms  DeleteObjects: 0.138200 ms)

========================================================================
Received Import Request.
  path: Assets
  artifactKey: Guid(00000000000000001000000000000000) Importer(815301076,1909f56bfc062723c751e8b465ee728b)
Start importing Assets using Guid(00000000000000001000000000000000) Importer(815301076,1909f56bfc062723c751e8b465ee728b)  -> (artifact id: '42d402b061de3733987d63b9cc3b64de') in 0.011782 seconds 
========================================================================
Received Prepare
Refreshing native plugins compatible for Editor in 3.34 ms, found 2 plugins.
Preloading 0 native plugins for Editor in 0.00 ms.
Unloading 14 Unused Serialized files (Serialized files now loaded: 0)
System memory in use before: 61.3 MB.
System memory in use after: 61.4 MB.

Unloading 14 unused Assets to reduce memory usage. Loaded Objects now: 3825.
Total: 3.087400 ms (FindLiveObjects: 0.305900 ms CreateObjectMapping: 0.204400 ms MarkObjects: 2.468400 ms  DeleteObjects: 0.107600 ms)

========================================================================
Received Import Request.
  Time since last request: 4.035620 seconds.
  path: Assets/Pysics matirial
  artifactKey: Guid(91a9fb9204d61184d8a7fc1a1a7bbc8b) Importer(815301076,1909f56bfc062723c751e8b465ee728b)
Start importing Assets/Pysics matirial using Guid(91a9fb9204d61184d8a7fc1a1a7bbc8b) Importer(815301076,1909f56bfc062723c751e8b465ee728b)  -> (artifact id: '70c242500ef94b0d5264a2e93d2b3c26') in 0.008847 seconds 
========================================================================
Received Import Request.
  Time since last request: 8.065766 seconds.
  path: Assets/Pysics matirial/New Material.mat
  artifactKey: Guid(131e96ac444396b4c8bfbe65c3e391a2) Importer(815301076,1909f56bfc062723c751e8b465ee728b)
Start importing Assets/Pysics matirial/New Material.mat using Guid(131e96ac444396b4c8bfbe65c3e391a2) Importer(815301076,1909f56bfc062723c751e8b465ee728b)  -> (artifact id: '0d4e0af9fe2c86295b621834c7686018') in 0.170199 seconds 
========================================================================
Received Import Request.
  Time since last request: 18.204039 seconds.
  path: Assets/Pysics matirial/New Physic Material.physicMaterial
  artifactKey: Guid(227685efdd3d58941a7f926b8b4ad3d4) Importer(815301076,1909f56bfc062723c751e8b465ee728b)
Start importing Assets/Pysics matirial/New Physic Material.physicMaterial using Guid(227685efdd3d58941a7f926b8b4ad3d4) Importer(815301076,1909f56bfc062723c751e8b465ee728b)  -> (artifact id: '0e92e170ed738b1b844e2662878ce8e9') in 0.010148 seconds 
========================================================================
Received Prepare
Registering precompiled user dll's ...
Registered in 0.003288 seconds.
Begin MonoManager ReloadAssembly
Symbol file LoadedFromMemory doesn't match image C:\Users\matt2\Documents\GitHub\platformer\joodel hop\Library\PackageCache\com.unity.visualscripting@1.6.1\Editor\VisualScripting.Core\Dependencies\YamlDotNet\Unity.VisualScripting.YamlDotNet.dll
Symbol file LoadedFromMemory doesn't match image C:\Users\matt2\Documents\GitHub\platformer\joodel hop\Library\PackageCache\com.unity.visualscripting@1.6.1\Editor\VisualScripting.Core\Dependencies\DotNetZip\Unity.VisualScripting.IonicZip.dll
Native extension for WindowsStandalone target not found
Refreshing native plugins compatible for Editor in 0.68 ms, found 2 plugins.
Preloading 0 native plugins for Editor in 0.00 ms.
Mono: successfully reloaded assembly
- Completed reload, in  1.237 seconds
Platform modules already initialized, skipping
Refreshing native plugins compatible for Editor in 0.69 ms, found 2 plugins.
Preloading 0 native plugins for Editor in 0.00 ms.
Unloading 3367 Unused Serialized files (Serialized files now loaded: 0)
System memory in use before: 131.8 MB.
System memory in use after: 131.9 MB.

Unloading 16 unused Assets to reduce memory usage. Loaded Objects now: 3869.
Total: 2.947600 ms (FindLiveObjects: 0.295100 ms CreateObjectMapping: 0.236300 ms MarkObjects: 2.304000 ms  DeleteObjects: 0.111300 ms)

========================================================================
Received Import Request.
  Time since last request: 45.897163 seconds.
  path: Assets/Pysics matirial/New Physic Material.physicMaterial
  artifactKey: Guid(227685efdd3d58941a7f926b8b4ad3d4) Importer(815301076,1909f56bfc062723c751e8b465ee728b)
Start importing Assets/Pysics matirial/New Physic Material.physicMaterial using Guid(227685efdd3d58941a7f926b8b4ad3d4) Importer(815301076,1909f56bfc062723c751e8b465ee728b)  -> (artifact id: 'c3be8b051bef683a168dc46674be524a') in 0.014091 seconds 
========================================================================
Received Prepare
Registering precompiled user dll's ...
Registered in 0.003075 seconds.
Begin MonoManager ReloadAssembly
Symbol file LoadedFromMemory doesn't match image C:\Users\matt2\Documents\GitHub\platformer\joodel hop\Library\PackageCache\com.unity.visualscripting@1.6.1\Editor\VisualScripting.Core\Dependencies\YamlDotNet\Unity.VisualScripting.YamlDotNet.dll
Symbol file LoadedFromMemory doesn't match image C:\Users\matt2\Documents\GitHub\platformer\joodel hop\Library\PackageCache\com.unity.visualscripting@1.6.1\Editor\VisualScripting.Core\Dependencies\DotNetZip\Unity.VisualScripting.IonicZip.dll
Native extension for WindowsStandalone target not found
Refreshing native plugins compatible for Editor in 0.72 ms, found 2 plugins.
Preloading 0 native plugins for Editor in 0.00 ms.
Mono: successfully reloaded assembly
- Completed reload, in  1.253 seconds
Platform modules already initialized, skipping
Refreshing native plugins compatible for Editor in 0.67 ms, found 2 plugins.
Preloading 0 native plugins for Editor in 0.00 ms.
Unloading 3367 Unused Serialized files (Serialized files now loaded: 0)
System memory in use before: 131.8 MB.
System memory in use after: 131.9 MB.

Unloading 16 unused Assets to reduce memory usage. Loaded Objects now: 3873.
Total: 3.121900 ms (FindLiveObjects: 0.304900 ms CreateObjectMapping: 0.211600 ms MarkObjects: 2.494300 ms  DeleteObjects: 0.110200 ms)

AssetImportWorkerClient::OnTransportError - code=2 error=End of file
